<?xml version="1.0" encoding="UTF-8"?>
<robot generator="Robot 4.0.1 (Python 3.9.4 on win32)" generated="20210413 22:04:24.863" rpa="false" schemaversion="2">
<suite id="s1" name="Amazon" source="C:\Users\Coresys\Desktop\Personal\LEARNING\robot framework\scripts\amazon\tests\Amazon.robot">
<test id="s1-t1" name="User must sign in to check out">
<kw name="Open Browser" library="SeleniumLibrary">
<arg>https://www.amazon.com/</arg>
<arg>${BROWSER}</arg>
<doc>Opens a new browser instance to the optional ``url``.</doc>
<msg timestamp="20210413 22:04:25.049" level="INFO">Opening browser 'edge' to base url 'https://www.amazon.com/'.</msg>
<status status="PASS" starttime="20210413 22:04:25.049" endtime="20210413 22:05:22.688"/>
</kw>
<kw name="Wait Until Page Contains" library="SeleniumLibrary">
<arg>Today's Deals</arg>
<doc>Waits until ``text`` appears on the current page.</doc>
<status status="PASS" starttime="20210413 22:05:22.688" endtime="20210413 22:05:22.747"/>
</kw>
<kw name="Input Text" library="SeleniumLibrary">
<arg>id=twotabsearchtextbox</arg>
<arg>vertical laptop mount</arg>
<doc>Types the given ``text`` into the text field identified by ``locator``.</doc>
<msg timestamp="20210413 22:05:22.749" level="INFO">Typing text 'vertical laptop mount' into text field 'id=twotabsearchtextbox'.</msg>
<status status="PASS" starttime="20210413 22:05:22.748" endtime="20210413 22:05:22.969"/>
</kw>
<kw name="Click Button" library="SeleniumLibrary">
<arg>id=nav-search-submit-button</arg>
<doc>Clicks the button identified by ``locator``.</doc>
<msg timestamp="20210413 22:05:22.970" level="INFO">Clicking button 'id=nav-search-submit-button'.</msg>
<status status="PASS" starttime="20210413 22:05:22.970" endtime="20210413 22:08:13.710"/>
</kw>
<kw name="Wait Until Page Contains" library="SeleniumLibrary">
<arg>results for "vertical laptop mount"</arg>
<doc>Waits until ``text`` appears on the current page.</doc>
<status status="PASS" starttime="20210413 22:08:13.711" endtime="20210413 22:08:13.777"/>
</kw>
<kw name="Click Image" library="SeleniumLibrary">
<arg>xpath=//*[@id='search']/div[1]/div/div[1]/div/span[3]/div[2]/div[1]/div/span/div/div/div/div/div[2]/div[1]/div/div/span/a/div/img</arg>
<doc>Clicks an image identified by ``locator``.</doc>
<msg timestamp="20210413 22:08:13.778" level="INFO">Clicking image 'xpath=//*[@id='search']/div[1]/div/div[1]/div/span[3]/div[2]/div[1]/div/span/div/div/div/div/div[2]/div[1]/div/div/span/a/div/img'.</msg>
<status status="PASS" starttime="20210413 22:08:13.777" endtime="20210413 22:09:01.243"/>
</kw>
<kw name="Wait Until Page Contains" library="SeleniumLibrary">
<arg>Back to results</arg>
<doc>Waits until ``text`` appears on the current page.</doc>
<status status="PASS" starttime="20210413 22:09:01.245" endtime="20210413 22:09:01.520"/>
</kw>
<kw name="Click Button" library="SeleniumLibrary">
<arg>id=add-to-cart-button</arg>
<doc>Clicks the button identified by ``locator``.</doc>
<msg timestamp="20210413 22:09:01.521" level="INFO">Clicking button 'id=add-to-cart-button'.</msg>
<status status="PASS" starttime="20210413 22:09:01.521" endtime="20210413 22:09:01.908"/>
</kw>
<kw name="Wait Until Page Contains" library="SeleniumLibrary">
<arg>Added to Cart</arg>
<doc>Waits until ``text`` appears on the current page.</doc>
<status status="PASS" starttime="20210413 22:09:01.909" endtime="20210413 22:09:02.848"/>
</kw>
<kw name="Run Keyword And Return Status" library="BuiltIn">
<var>${isModalVisible}</var>
<arg>Element Should Be Visible</arg>
<arg>xpath=//*[@id='attach-desktop-sideSheet']</arg>
<doc>Runs the given keyword with given arguments and returns the status as a Boolean value.</doc>
<kw name="Element Should Be Visible" library="SeleniumLibrary">
<arg>xpath=//*[@id='attach-desktop-sideSheet']</arg>
<doc>Verifies that the element identified by ``locator`` is visible.</doc>
<msg timestamp="20210413 22:09:03.153" level="INFO">Element 'xpath=//*[@id='attach-desktop-sideSheet']' is displayed.</msg>
<status status="PASS" starttime="20210413 22:09:02.923" endtime="20210413 22:09:03.153"/>
</kw>
<msg timestamp="20210413 22:09:03.153" level="INFO">${isModalVisible} = True</msg>
<status status="PASS" starttime="20210413 22:09:02.849" endtime="20210413 22:09:03.154"/>
</kw>
<if>
<branch type="IF" condition="${isModalVisible}">
<kw name="Wait Until Element Is Visible" library="SeleniumLibrary">
<arg>xpath=//*[@id='attach-sidesheet-checkout-button']/span/input</arg>
<doc>Waits until the element ``locator`` is visible.</doc>
<status status="PASS" starttime="20210413 22:09:03.199" endtime="20210413 22:09:04.156"/>
</kw>
<kw name="Click Button" library="SeleniumLibrary">
<arg>xpath=//*[@id='attach-sidesheet-checkout-button']/span/input</arg>
<doc>Clicks the button identified by ``locator``.</doc>
<msg timestamp="20210413 22:09:04.157" level="INFO">Clicking button 'xpath=//*[@id='attach-sidesheet-checkout-button']/span/input'.</msg>
<status status="PASS" starttime="20210413 22:09:04.156" endtime="20210413 22:09:11.612"/>
</kw>
<status status="PASS" starttime="20210413 22:09:03.198" endtime="20210413 22:09:11.612"/>
</branch>
<branch type="ELSE">
<kw name="Wait Until Element Is Visible" library="SeleniumLibrary">
<arg>id=hlb-ptc-btn</arg>
<doc>Waits until the element ``locator`` is visible.</doc>
<status status="NOT RUN" starttime="20210413 22:09:11.612" endtime="20210413 22:09:11.612"/>
</kw>
<kw name="Click Button" library="SeleniumLibrary">
<arg>id=hlb-ptc-btn</arg>
<doc>Clicks the button identified by ``locator``.</doc>
<status status="NOT RUN" starttime="20210413 22:09:11.612" endtime="20210413 22:09:11.612"/>
</kw>
<status status="NOT RUN" starttime="20210413 22:09:11.612" endtime="20210413 22:09:11.612"/>
</branch>
<status status="PASS" starttime="20210413 22:09:03.154" endtime="20210413 22:09:11.612"/>
</if>
<kw name="Wait Until Page Contains" library="SeleniumLibrary">
<arg>Sign-In</arg>
<doc>Waits until ``text`` appears on the current page.</doc>
<status status="PASS" starttime="20210413 22:09:11.613" endtime="20210413 22:09:11.628"/>
</kw>
<kw name="Page Should Contain Element" library="SeleniumLibrary">
<arg>xpath=//h1[contains(text(),'Sign-In')]</arg>
<doc>Verifies that element ``locator`` is found on the current page.</doc>
<msg timestamp="20210413 22:09:11.642" level="INFO">Current page contains element 'xpath=//h1[contains(text(),'Sign-In')]'.</msg>
<status status="PASS" starttime="20210413 22:09:11.629" endtime="20210413 22:09:11.642"/>
</kw>
<kw name="Element Text Should Be" library="SeleniumLibrary">
<arg>xpath=//h1[contains(text(),'Sign-In')]</arg>
<arg>Sign-In</arg>
<doc>Verifies that element ``locator`` contains exact the text ``expected``.</doc>
<msg timestamp="20210413 22:09:11.642" level="INFO">Verifying element 'xpath=//h1[contains(text(),'Sign-In')]' contains exact text 'Sign-In'.</msg>
<status status="PASS" starttime="20210413 22:09:11.642" endtime="20210413 22:09:11.662"/>
</kw>
<kw name="Sleep" library="BuiltIn">
<arg>3s</arg>
<doc>Pauses the test executed for the given time.</doc>
<msg timestamp="20210413 22:09:14.667" level="INFO">Slept 3 seconds</msg>
<status status="PASS" starttime="20210413 22:09:11.662" endtime="20210413 22:09:14.667"/>
</kw>
<kw name="Close Browser" library="SeleniumLibrary">
<doc>Closes the current browser.</doc>
<status status="PASS" starttime="20210413 22:09:14.667" endtime="20210413 22:09:18.982"/>
</kw>
<doc>Sign in to check out Test Case</doc>
<tag>Smoke</tag>
<status status="PASS" starttime="20210413 22:04:25.048" endtime="20210413 22:09:18.983"/>
</test>
<doc>Amazon testing suite</doc>
<status status="PASS" starttime="20210413 22:04:24.864" endtime="20210413 22:09:18.985"/>
</suite>
<statistics>
<total>
<stat pass="1" fail="0" skip="0">All Tests</stat>
</total>
<tag>
<stat pass="1" fail="0" skip="0">Smoke</stat>
</tag>
<suite>
<stat pass="1" fail="0" skip="0" id="s1" name="Amazon">Amazon</stat>
</suite>
</statistics>
<errors>
</errors>
</robot>
