<?xml version="1.0" encoding="UTF-8"?>
<robot generator="Robot 4.0.1 (Python 3.9.4 on win32)" generated="20210521 00:17:42.558" rpa="false" schemaversion="2">
<suite id="s1" name="Amazon" source="C:\Users\Coresys\Desktop\Personal\LEARNING\robot framework\scripts\amazon\tests\amazon.robot">
<test id="s1-t1" name="User must sign in to check out">
<kw name="Open Browser" library="SeleniumLibrary">
<arg>https://www.amazon.com/</arg>
<arg>chrome</arg>
<doc>Opens a new browser instance to the optional ``url``.</doc>
<msg timestamp="20210521 00:17:42.747" level="INFO">Opening browser 'chrome' to base url 'https://www.amazon.com/'.</msg>
<status status="PASS" starttime="20210521 00:17:42.747" endtime="20210521 00:17:49.921"/>
</kw>
<kw name="Maximize Browser Window" library="SeleniumLibrary">
<doc>Maximizes current browser window.</doc>
<status status="PASS" starttime="20210521 00:17:49.921" endtime="20210521 00:17:50.047"/>
</kw>
<kw name="Wait Until Page Contains" library="SeleniumLibrary">
<arg>Today's Deals</arg>
<doc>Waits until ``text`` appears on the current page.</doc>
<status status="PASS" starttime="20210521 00:17:50.048" endtime="20210521 00:17:50.072"/>
</kw>
<kw name="Input Text" library="SeleniumLibrary">
<arg>id=twotabsearchtextbox</arg>
<arg>vertical laptop mount</arg>
<doc>Types the given ``text`` into the text field identified by ``locator``.</doc>
<msg timestamp="20210521 00:17:50.073" level="INFO">Typing text 'vertical laptop mount' into text field 'id=twotabsearchtextbox'.</msg>
<status status="PASS" starttime="20210521 00:17:50.073" endtime="20210521 00:17:50.301"/>
</kw>
<kw name="Click Button" library="SeleniumLibrary">
<arg>id=nav-search-submit-button</arg>
<doc>Clicks the button identified by ``locator``.</doc>
<msg timestamp="20210521 00:17:50.302" level="INFO">Clicking button 'id=nav-search-submit-button'.</msg>
<status status="PASS" starttime="20210521 00:17:50.302" endtime="20210521 00:17:53.569"/>
</kw>
<kw name="Wait Until Page Contains" library="SeleniumLibrary">
<arg>results for "vertical laptop mount"</arg>
<doc>Waits until ``text`` appears on the current page.</doc>
<status status="PASS" starttime="20210521 00:17:53.569" endtime="20210521 00:17:53.590"/>
</kw>
<kw name="Click Image" library="SeleniumLibrary">
<arg>xpath=/html/body/div[1]/div[2]/div[1]/div/div[1]/div/span[3]/div[2]/div[3]/div/span/div/div/div[2]/div[1]/div/div/span/a/div/img</arg>
<doc>Clicks an image identified by ``locator``.</doc>
<msg timestamp="20210521 00:17:53.591" level="INFO">Clicking image 'xpath=/html/body/div[1]/div[2]/div[1]/div/div[1]/div/span[3]/div[2]/div[3]/div/span/div/div/div[2]/div[1]/div/div/span/a/div/img'.</msg>
<status status="PASS" starttime="20210521 00:17:53.591" endtime="20210521 00:17:59.754"/>
</kw>
<kw name="Wait Until Page Contains" library="SeleniumLibrary">
<arg>In Stock.</arg>
<doc>Waits until ``text`` appears on the current page.</doc>
<status status="PASS" starttime="20210521 00:17:59.755" endtime="20210521 00:17:59.805"/>
</kw>
<kw name="Page Should Contain" library="SeleniumLibrary">
<arg>In Stock.</arg>
<doc>Verifies that current page contains ``text``.</doc>
<msg timestamp="20210521 00:17:59.838" level="INFO">Current page contains text 'In Stock.'.</msg>
<status status="PASS" starttime="20210521 00:17:59.805" endtime="20210521 00:17:59.838"/>
</kw>
<kw name="Click Button" library="SeleniumLibrary">
<arg>id=add-to-cart-button</arg>
<doc>Clicks the button identified by ``locator``.</doc>
<msg timestamp="20210521 00:17:59.839" level="INFO">Clicking button 'id=add-to-cart-button'.</msg>
<status status="PASS" starttime="20210521 00:17:59.839" endtime="20210521 00:18:00.037"/>
</kw>
<kw name="Wait Until Page Contains" library="SeleniumLibrary">
<arg>Added to Cart</arg>
<doc>Waits until ``text`` appears on the current page.</doc>
<status status="PASS" starttime="20210521 00:18:00.038" endtime="20210521 00:18:00.890"/>
</kw>
<kw name="Page Should Contain" library="SeleniumLibrary">
<arg>Added to Cart</arg>
<doc>Verifies that current page contains ``text``.</doc>
<msg timestamp="20210521 00:18:00.930" level="INFO">Current page contains text 'Added to Cart'.</msg>
<status status="PASS" starttime="20210521 00:18:00.891" endtime="20210521 00:18:00.930"/>
</kw>
<kw name="Run Keyword And Return Status" library="BuiltIn">
<var>${isModalVisible}</var>
<arg>Element Should Be Visible</arg>
<arg>xpath=//*[@id='attach-desktop-sideSheet']</arg>
<doc>Runs the given keyword with given arguments and returns the status as a Boolean value.</doc>
<kw name="Element Should Be Visible" library="SeleniumLibrary">
<arg>xpath=//*[@id='attach-desktop-sideSheet']</arg>
<doc>Verifies that the element identified by ``locator`` is visible.</doc>
<msg timestamp="20210521 00:18:01.125" level="INFO">Element 'xpath=//*[@id='attach-desktop-sideSheet']' is displayed.</msg>
<status status="PASS" starttime="20210521 00:18:00.930" endtime="20210521 00:18:01.125"/>
</kw>
<msg timestamp="20210521 00:18:01.125" level="INFO">${isModalVisible} = True</msg>
<status status="PASS" starttime="20210521 00:18:00.930" endtime="20210521 00:18:01.125"/>
</kw>
<if>
<branch type="IF" condition="${isModalVisible}">
<kw name="Wait Until Element Is Visible" library="SeleniumLibrary">
<arg>xpath=//*[@id='attach-sidesheet-checkout-button']/span/input</arg>
<doc>Waits until the element ``locator`` is visible.</doc>
<status status="PASS" starttime="20210521 00:18:01.126" endtime="20210521 00:18:02.208"/>
</kw>
<kw name="Click Button" library="SeleniumLibrary">
<arg>xpath=//*[@id='attach-sidesheet-checkout-button']/span/input</arg>
<doc>Clicks the button identified by ``locator``.</doc>
<msg timestamp="20210521 00:18:02.208" level="INFO">Clicking button 'xpath=//*[@id='attach-sidesheet-checkout-button']/span/input'.</msg>
<status status="PASS" starttime="20210521 00:18:02.208" endtime="20210521 00:18:04.652"/>
</kw>
<status status="PASS" starttime="20210521 00:18:01.126" endtime="20210521 00:18:04.652"/>
</branch>
<branch type="ELSE">
<kw name="Wait Until Element Is Visible" library="SeleniumLibrary">
<arg>id=hlb-ptc-btn</arg>
<doc>Waits until the element ``locator`` is visible.</doc>
<status status="NOT RUN" starttime="20210521 00:18:04.652" endtime="20210521 00:18:04.652"/>
</kw>
<kw name="Click Button" library="SeleniumLibrary">
<arg>id=hlb-ptc-btn</arg>
<doc>Clicks the button identified by ``locator``.</doc>
<status status="NOT RUN" starttime="20210521 00:18:04.652" endtime="20210521 00:18:04.652"/>
</kw>
<status status="NOT RUN" starttime="20210521 00:18:04.652" endtime="20210521 00:18:04.652"/>
</branch>
<status status="PASS" starttime="20210521 00:18:01.126" endtime="20210521 00:18:04.652"/>
</if>
<kw name="Wait Until Page Contains" library="SeleniumLibrary">
<arg>Sign-In</arg>
<doc>Waits until ``text`` appears on the current page.</doc>
<status status="PASS" starttime="20210521 00:18:04.653" endtime="20210521 00:18:04.667"/>
</kw>
<kw name="Page Should Contain Element" library="SeleniumLibrary">
<arg>xpath=//h1[contains(text(),'Sign-In')]</arg>
<doc>Verifies that element ``locator`` is found on the current page.</doc>
<msg timestamp="20210521 00:18:04.677" level="INFO">Current page contains element 'xpath=//h1[contains(text(),'Sign-In')]'.</msg>
<status status="PASS" starttime="20210521 00:18:04.667" endtime="20210521 00:18:04.677"/>
</kw>
<kw name="Element Text Should Be" library="SeleniumLibrary">
<arg>xpath=//h1[contains(text(),'Sign-In')]</arg>
<arg>Sign-In</arg>
<doc>Verifies that element ``locator`` contains exact the text ``expected``.</doc>
<msg timestamp="20210521 00:18:04.678" level="INFO">Verifying element 'xpath=//h1[contains(text(),'Sign-In')]' contains exact text 'Sign-In'.</msg>
<status status="PASS" starttime="20210521 00:18:04.678" endtime="20210521 00:18:04.695"/>
</kw>
<kw name="Sleep" library="BuiltIn">
<arg>3s</arg>
<doc>Pauses the test executed for the given time.</doc>
<msg timestamp="20210521 00:18:07.705" level="INFO">Slept 3 seconds</msg>
<status status="PASS" starttime="20210521 00:18:04.696" endtime="20210521 00:18:07.705"/>
</kw>
<kw name="Close Browser" library="SeleniumLibrary">
<doc>Closes the current browser.</doc>
<status status="PASS" starttime="20210521 00:18:07.706" endtime="20210521 00:18:09.866"/>
</kw>
<doc>Sign in to check out Test Case</doc>
<tag>Smoke</tag>
<status status="PASS" starttime="20210521 00:17:42.745" endtime="20210521 00:18:09.866"/>
</test>
<doc>Amazon testing suite</doc>
<status status="PASS" starttime="20210521 00:17:42.560" endtime="20210521 00:18:09.868"/>
</suite>
<statistics>
<total>
<stat pass="1" fail="0" skip="0">All Tests</stat>
</total>
<tag>
<stat pass="1" fail="0" skip="0">Smoke</stat>
</tag>
<suite>
<stat pass="1" fail="0" skip="0" id="s1" name="Amazon">Amazon</stat>
</suite>
</statistics>
<errors>
</errors>
</robot>
